SF:/dotnet-core-graphql-app/src/DotnetCoreGraphqlApp.Api/Program.cs
FN:3,System.Void Program::<Main>$(System.String[])
FNDA:2,System.Void Program::<Main>$(System.String[])
DA:4,2
DA:8,2
DA:10,2
DA:11,2
DA:13,2
DA:14,2
DA:15,2
DA:16,2
DA:17,2
DA:18,2
DA:20,2
DA:23,2
DA:24,2
DA:25,2
DA:26,2
DA:27,2
DA:29,2
DA:31,2
DA:32,2
DA:34,2
BRDA:23,110,0,2
BRDA:23,110,1,2
LF:20
LH:20
BRF:2
BRH:2
FNF:1
FNH:1
end_of_record
SF:/dotnet-core-graphql-app/src/DotnetCoreGraphqlApp.Api/GraphQL/QueryDataLoader.cs
FN:8,System.Collections.Generic.List`1<DotnetCoreGraphqlApp.Api.GraphQL.Movies.Movie> DotnetCoreGraphqlApp.Api.GraphQL.QueryDataLoader::GetMovies()
FNDA:1,System.Collections.Generic.List`1<DotnetCoreGraphqlApp.Api.GraphQL.Movies.Movie> DotnetCoreGraphqlApp.Api.GraphQL.QueryDataLoader::GetMovies()
DA:9,1
FN:11,DotnetCoreGraphqlApp.Api.GraphQL.Movies.Movie DotnetCoreGraphqlApp.Api.GraphQL.QueryDataLoader::GetMovieById(System.Int32)
FNDA:0,DotnetCoreGraphqlApp.Api.GraphQL.Movies.Movie DotnetCoreGraphqlApp.Api.GraphQL.QueryDataLoader::GetMovieById(System.Int32)
DA:12,0
LF:2
LH:1
BRF:0
BRH:0
FNF:2
FNH:1
end_of_record
SF:/dotnet-core-graphql-app/src/DotnetCoreGraphqlApp.Api/GraphQL/QueryType.cs
FN:7,System.Void DotnetCoreGraphqlApp.Api.GraphQL.QueryType::Configure(HotChocolate.Types.IObjectTypeDescriptor`1<DotnetCoreGraphqlApp.Api.GraphQL.QueryDataLoader>)
FNDA:1,System.Void DotnetCoreGraphqlApp.Api.GraphQL.QueryType::Configure(HotChocolate.Types.IObjectTypeDescriptor`1<DotnetCoreGraphqlApp.Api.GraphQL.QueryDataLoader>)
DA:8,1
DA:9,1
DA:10,1
DA:11,1
DA:12,1
DA:13,1
LF:6
LH:6
BRF:0
BRH:0
FNF:1
FNH:1
end_of_record
SF:/dotnet-core-graphql-app/src/DotnetCoreGraphqlApp.Api/GraphQL/Seed.cs
FN:7,System.Collections.Generic.List`1<DotnetCoreGraphqlApp.Api.GraphQL.Movies.Movie> DotnetCoreGraphqlApp.Api.GraphQL.Seed::SeedData()
FNDA:1,System.Collections.Generic.List`1<DotnetCoreGraphqlApp.Api.GraphQL.Movies.Movie> DotnetCoreGraphqlApp.Api.GraphQL.Seed::SeedData()
DA:8,1
DA:9,1
DA:11,1
DA:12,1
DA:13,1
DA:14,1
DA:15,1
DA:16,1
DA:17,1
DA:18,1
DA:19,1
DA:20,1
DA:21,1
DA:22,1
DA:23,2
DA:24,1
DA:25,1
DA:26,1
DA:27,1
FN:29,System.Collections.Generic.List`1<DotnetCoreGraphqlApp.Api.GraphQL.Movies.Actor> DotnetCoreGraphqlApp.Api.GraphQL.Seed::Actors()
FNDA:2,System.Collections.Generic.List`1<DotnetCoreGraphqlApp.Api.GraphQL.Movies.Actor> DotnetCoreGraphqlApp.Api.GraphQL.Seed::Actors()
DA:30,2
DA:31,2
DA:32,2
DA:33,2
DA:34,2
DA:35,2
DA:36,2
DA:37,2
DA:38,2
DA:39,2
DA:40,2
DA:41,2
DA:42,2
DA:43,2
DA:44,2
DA:45,2
DA:46,2
DA:47,2
LF:37
LH:37
BRF:0
BRH:0
FNF:2
FNH:2
end_of_record
SF:/dotnet-core-graphql-app/src/DotnetCoreGraphqlApp.Api/GraphQL/Movies/Actor.cs
FN:4,System.Int32 DotnetCoreGraphqlApp.Api.GraphQL.Movies.Actor::get_Id()
FNDA:14,System.Int32 DotnetCoreGraphqlApp.Api.GraphQL.Movies.Actor::get_Id()
DA:5,14
FN:5,System.String DotnetCoreGraphqlApp.Api.GraphQL.Movies.Actor::get_FirstName()
FNDA:7,System.String DotnetCoreGraphqlApp.Api.GraphQL.Movies.Actor::get_FirstName()
DA:6,7
FN:6,System.String DotnetCoreGraphqlApp.Api.GraphQL.Movies.Actor::get_LastName()
FNDA:7,System.String DotnetCoreGraphqlApp.Api.GraphQL.Movies.Actor::get_LastName()
DA:7,7
LF:3
LH:3
BRF:0
BRH:0
FNF:3
FNH:3
end_of_record
SF:/dotnet-core-graphql-app/src/DotnetCoreGraphqlApp.Api/GraphQL/Movies/ActorDataLoader.cs
FN:11,System.Threading.Tasks.Task`1<System.Collections.Generic.IReadOnlyDictionary`2<System.Int32,DotnetCoreGraphqlApp.Api.GraphQL.Movies.Actor>> DotnetCoreGraphqlApp.Api.GraphQL.Movies.ActorDataLoader::LoadBatchAsync(System.Collections.Generic.IReadOnlyList`1<System.Int32>,System.Threading.CancellationToken)
FNDA:1,System.Threading.Tasks.Task`1<System.Collections.Generic.IReadOnlyDictionary`2<System.Int32,DotnetCoreGraphqlApp.Api.GraphQL.Movies.Actor>> DotnetCoreGraphqlApp.Api.GraphQL.Movies.ActorDataLoader::LoadBatchAsync(System.Collections.Generic.IReadOnlyList`1<System.Int32>,System.Threading.CancellationToken)
DA:12,1
DA:13,3
DA:14,3
DA:15,1
FN:5,System.Void DotnetCoreGraphqlApp.Api.GraphQL.Movies.ActorDataLoader::.ctor(GreenDonut.IBatchScheduler)
FNDA:1,System.Void DotnetCoreGraphqlApp.Api.GraphQL.Movies.ActorDataLoader::.ctor(GreenDonut.IBatchScheduler)
DA:6,1
DA:7,1
DA:8,1
LF:7
LH:7
BRF:0
BRH:0
FNF:2
FNH:2
end_of_record
SF:/dotnet-core-graphql-app/src/DotnetCoreGraphqlApp.Api/GraphQL/Movies/ActorType.cs
FN:5,System.Void DotnetCoreGraphqlApp.Api.GraphQL.Movies.ActorType::Configure(HotChocolate.Types.IObjectTypeDescriptor`1<DotnetCoreGraphqlApp.Api.GraphQL.Movies.Actor>)
FNDA:1,System.Void DotnetCoreGraphqlApp.Api.GraphQL.Movies.ActorType::Configure(HotChocolate.Types.IObjectTypeDescriptor`1<DotnetCoreGraphqlApp.Api.GraphQL.Movies.Actor>)
DA:6,1
DA:7,1
DA:8,1
LF:3
LH:3
BRF:0
BRH:0
FNF:1
FNH:1
end_of_record
SF:/dotnet-core-graphql-app/src/DotnetCoreGraphqlApp.Api/GraphQL/Movies/Movie.cs
FN:4,System.Int32 DotnetCoreGraphqlApp.Api.GraphQL.Movies.Movie::get_Id()
FNDA:6,System.Int32 DotnetCoreGraphqlApp.Api.GraphQL.Movies.Movie::get_Id()
DA:5,6
FN:5,System.String DotnetCoreGraphqlApp.Api.GraphQL.Movies.Movie::get_Title()
FNDA:6,System.String DotnetCoreGraphqlApp.Api.GraphQL.Movies.Movie::get_Title()
DA:6,6
FN:6,System.Int32[] DotnetCoreGraphqlApp.Api.GraphQL.Movies.Movie::get_ActorIds()
FNDA:8,System.Int32[] DotnetCoreGraphqlApp.Api.GraphQL.Movies.Movie::get_ActorIds()
DA:7,8
LF:3
LH:3
BRF:0
BRH:0
FNF:3
FNH:3
end_of_record
SF:/dotnet-core-graphql-app/src/DotnetCoreGraphqlApp.Api/GraphQL/Movies/MovieType.cs
FN:5,System.Void DotnetCoreGraphqlApp.Api.GraphQL.Movies.MovieType::Configure(HotChocolate.Types.IObjectTypeDescriptor`1<DotnetCoreGraphqlApp.Api.GraphQL.Movies.Movie>)
FNDA:1,System.Void DotnetCoreGraphqlApp.Api.GraphQL.Movies.MovieType::Configure(HotChocolate.Types.IObjectTypeDescriptor`1<DotnetCoreGraphqlApp.Api.GraphQL.Movies.Movie>)
DA:6,1
DA:7,1
DA:8,1
DA:9,1
DA:10,1
DA:11,1
DA:12,2
DA:13,2
DA:14,2
DA:15,3
DA:16,1
LF:11
LH:11
BRF:0
BRH:0
FNF:1
FNH:1
end_of_record
SF:/dotnet-core-graphql-app/src/DotnetCoreGraphqlApp.Api/Controllers/PingController.cs
FN:21,DotnetCoreGraphqlApp.Api.Controllers.PingController/PingResponse DotnetCoreGraphqlApp.Api.Controllers.PingController::Get()
FNDA:4,DotnetCoreGraphqlApp.Api.Controllers.PingController/PingResponse DotnetCoreGraphqlApp.Api.Controllers.PingController::Get()
DA:22,4
DA:23,4
DA:24,4
BRDA:23,19,0,0
BRDA:23,19,1,4
FN:13,System.Void DotnetCoreGraphqlApp.Api.Controllers.PingController::.ctor()
FNDA:4,System.Void DotnetCoreGraphqlApp.Api.Controllers.PingController::.ctor()
DA:14,4
DA:15,4
DA:16,4
DA:17,4
DA:18,4
BRDA:16,20,0,4
BRDA:16,20,1,0
BRDA:16,32,0,4
BRDA:16,32,1,4
FN:25,System.String DotnetCoreGraphqlApp.Api.Controllers.PingController/PingResponse::get_Env()
FNDA:22,System.String DotnetCoreGraphqlApp.Api.Controllers.PingController/PingResponse::get_Env()
DA:26,22
LF:9
LH:9
BRF:6
BRH:4
FNF:3
FNH:3
end_of_record
SF:/dotnet-core-graphql-app/src/DotnetCoreGraphqlApp.Core/Utils/Example.cs
FN:5,System.Boolean DotnetCoreGraphqlApp.Core.Utils.Example::Valid()
FNDA:0,System.Boolean DotnetCoreGraphqlApp.Core.Utils.Example::Valid()
DA:6,0
DA:7,0
DA:8,0
LF:3
LH:0
BRF:0
BRH:0
FNF:1
FNH:0
end_of_record